<?xml version="1.0" encoding="UTF-8"?>
<testsuite name="Test" tests="1" skipped="0" failures="0" errors="0" timestamp="2025-07-05T10:40:31" hostname="DESKTOP-QO97772" time="0.074">
  <properties/>
  <testcase name="testSolution()" classname="Test" time="0.074"/>
  <system-out><![CDATA[]]></system-out>
  <system-err><![CDATA[]]></system-err>
</testsuite>
