<?xml version="1.0" encoding="UTF-8"?>
<testsuite name="Test" tests="1" skipped="0" failures="0" errors="0" timestamp="2025-07-05T10:48:08" hostname="DESKTOP-QO97772" time="0.071">
  <properties/>
  <testcase name="testSolution()" classname="Test" time="0.071"/>
  <system-out><![CDATA[]]></system-out>
  <system-err><![CDATA[]]></system-err>
</testsuite>
